#-----------------------------------------------------------
# Vivado v2021.1 (64-bit)
# SW Build 3247384 on Thu Jun 10 19:36:33 MDT 2021
# IP Build 3246043 on Fri Jun 11 00:30:35 MDT 2021
# Start of session at: Tue Mar 14 16:10:09 2023
# Process ID: 12364
# Current directory: C:/Users/vsoql/OneDrive/Desktop/CECS341/Xilinx stuff/lab1
# Command line: vivado.exe -gui_launcher_event rodinguilauncherevent11252 C:\Users\vsoql\OneDrive\Desktop\CECS341\Xilinx stuff\lab1\lab1.xpr
# Log file: C:/Users/vsoql/OneDrive/Desktop/CECS341/Xilinx stuff/lab1/vivado.log
# Journal file: C:/Users/vsoql/OneDrive/Desktop/CECS341/Xilinx stuff/lab1\vivado.jou
#-----------------------------------------------------------
start_gui
open_project {C:/Users/vsoql/OneDrive/Desktop/CECS341/Xilinx stuff/lab1/lab1.xpr}
Scanning sources...
Finished scanning sources
INFO: [IP_Flow 19-234] Refreshing IP repositories
INFO: [IP_Flow 19-1704] No user IP repositories specified
INFO: [IP_Flow 19-2313] Loaded Vivado IP repository 'C:/Xilinx/Vivado/2021.1/data/ip'.
open_project: Time (s): cpu = 00:00:34 ; elapsed = 00:00:19 . Memory (MB): peak = 1135.469 ; gain = 0.000
update_compile_order -fileset sources_1
exit
INFO: [Common 17-206] Exiting Vivado at Tue Mar 14 16:13:07 2023...
