#-----------------------------------------------------------
# Vivado v2021.1 (64-bit)
# SW Build 3247384 on Thu Jun 10 19:36:33 MDT 2021
# IP Build 3246043 on Fri Jun 11 00:30:35 MDT 2021
# Start of session at: Sun Oct 30 22:07:31 2022
# Process ID: 40528
# Current directory: C:/Users/vsoql/OneDrive/Desktop/CECS341/Xilinx stuff/lab1
# Command line: vivado.exe -gui_launcher_event rodinguilauncherevent18636 C:\Users\vsoql\OneDrive\Desktop\CECS341\Xilinx stuff\lab1\lab1.xpr
# Log file: C:/Users/vsoql/OneDrive/Desktop/CECS341/Xilinx stuff/lab1/vivado.log
# Journal file: C:/Users/vsoql/OneDrive/Desktop/CECS341/Xilinx stuff/lab1\vivado.jou
#-----------------------------------------------------------
start_gui
open_project {C:/Users/vsoql/OneDrive/Desktop/CECS341/Xilinx stuff/lab1/lab1.xpr}
Scanning sources...
Finished scanning sources
INFO: [IP_Flow 19-234] Refreshing IP repositories
INFO: [IP_Flow 19-1704] No user IP repositories specified
INFO: [IP_Flow 19-2313] Loaded Vivado IP repository 'C:/Xilinx/Vivado/2021.1/data/ip'.
open_project: Time (s): cpu = 00:00:28 ; elapsed = 00:00:12 . Memory (MB): peak = 1137.094 ; gain = 0.000
open_bd_design {C:/Users/vsoql/OneDrive/Desktop/CECS341/Xilinx stuff/lab1/lab1.srcs/sources_1/bd/adder_2bit/adder_2bit.bd}
Reading block design file <C:/Users/vsoql/OneDrive/Desktop/CECS341/Xilinx stuff/lab1/lab1.srcs/sources_1/bd/adder_2bit/adder_2bit.bd>...
Adding component instance block -- xilinx.com:module_ref:FA:1.0 - FA_0
Adding component instance block -- xilinx.com:module_ref:FA:1.0 - FA_1
Adding component instance block -- xilinx.com:ip:xlslice:1.0 - xlslice_0
Adding component instance block -- xilinx.com:ip:xlslice:1.0 - xlslice_1
Adding component instance block -- xilinx.com:ip:xlslice:1.0 - xlslice_2
Adding component instance block -- xilinx.com:ip:xlslice:1.0 - xlslice_3
Adding component instance block -- xilinx.com:ip:xlconstant:1.1 - xlconstant_0
Adding component instance block -- xilinx.com:ip:xlconcat:2.1 - xlconcat_0
Successfully read diagram <adder_2bit> from block design file <C:/Users/vsoql/OneDrive/Desktop/CECS341/Xilinx stuff/lab1/lab1.srcs/sources_1/bd/adder_2bit/adder_2bit.bd>
open_bd_design: Time (s): cpu = 00:00:07 ; elapsed = 00:00:09 . Memory (MB): peak = 1137.094 ; gain = 0.000
